dida_demo/build/outputs/logs/manifest-merger-debug-report.txt
-- Merging decision tree log ---
manifest
ADDED from src\main\AndroidManifest.xml:2:1-372:12
	xmlns:android
		ADDED from src\main\AndroidManifest.xml:2:11-69
	package
		ADDED from src\main\AndroidManifest.xml:3:5-29
		INJECTED from src\main\AndroidManifest.xml
		INJECTED from src\main\AndroidManifest.xml
	android:versionName
		ADDED from src\main\AndroidManifest.xml:5:5-33
	android:versionCode
		ADDED from src\main\AndroidManifest.xml:4:5-28
		INJECTED from src\main\AndroidManifest.xml
		INJECTED from src\main\AndroidManifest.xml
uses-sdk
ADDED from src\main\AndroidManifest.xml:8:5-10:41
MERGED from [DidaDemoAS:xutillibrary:unspecified] AndroidManifest.xml:7:5-9:41
MERGED from [DidaDemoAS:iMKit:unspecified] AndroidManifest.xml:5:5-7:41
MERGED from [DidaDemoAS:image_loader_library:unspecified] AndroidManifest.xml:7:5-9:41
MERGED from [DidaDemoAS:pulltopushlibrary:unspecified] AndroidManifest.xml:7:5-9:40
MERGED from [DidaDemoAS:iconlibrary:unspecified] AndroidManifest.xml:7:5-9:41
MERGED from [com.android.support:cardview-v7:23.1.0] AndroidManifest.xml:20:5-43
MERGED from [com.android.support:design:23.1.0] AndroidManifest.xml:20:5-43
MERGED from [com.android.support:appcompat-v7:23.1.0] AndroidManifest.xml:20:5-43
MERGED from [com.android.support:support-v4:23.1.0] AndroidManifest.xml:20:5-43
MERGED from [com.android.support:recyclerview-v7:23.1.0] AndroidManifest.xml:20:5-43
MERGED from [com.android.support:support-v4:23.1.0] AndroidManifest.xml:20:5-43
MERGED from [com.android.support:support-v4:23.1.0] AndroidManifest.xml:20:5-43
MERGED from [com.android.support:appcompat-v7:23.1.0] AndroidManifest.xml:20:5-43
MERGED from [com.android.support:support-v4:23.1.0] AndroidManifest.xml:20:5-43
MERGED from [com.android.support:support-v4:23.1.0] AndroidManifest.xml:20:5-43
MERGED from [com.appyvet:rangebar:1.1] AndroidManifest.xml:7:5-9:41
MERGED from [com.android.support:support-v4:23.1.0] AndroidManifest.xml:20:5-43
	android:targetSdkVersion
		ADDED from src\main\AndroidManifest.xml:10:9-38
		INJECTED from src\main\AndroidManifest.xml
		INJECTED from src\main\AndroidManifest.xml
	android:minSdkVersion
		ADDED from src\main\AndroidManifest.xml:9:9-35
		INJECTED from src\main\AndroidManifest.xml
		INJECTED from src\main\AndroidManifest.xml
uses-permission#android.permission.INTERNET
ADDED from src\main\AndroidManifest.xml:12:5-67
MERGED from [DidaDemoAS:iMKit:unspecified] AndroidManifest.xml:10:5-67
	android:name
		ADDED from src\main\AndroidManifest.xml:12:22-64
uses-permission#android.permission.CAMERA
ADDED from src\main\AndroidManifest.xml:13:5-65
MERGED from [DidaDemoAS:iMKit:unspecified] AndroidManifest.xml:21:5-65
	android:name
		ADDED from src\main\AndroidManifest.xml:13:22-62
uses-permission#android.permission.WRITE_EXTERNAL_STORAGE
ADDED from src\main\AndroidManifest.xml:14:5-81
MERGED from [DidaDemoAS:iMKit:unspecified] AndroidManifest.xml:9:5-81
	android:name
		ADDED from src\main\AndroidManifest.xml:14:22-78
uses-permission#android.permission.MOUNT_UNMOUNT_FILESYSTEMS
ADDED from src\main\AndroidManifest.xml:15:5-84
	android:name
		ADDED from src\main\AndroidManifest.xml:15:22-81
uses-permission#android.permission.ACCESS_NETWORK_STATE
ADDED from src\main\AndroidManifest.xml:16:5-79
MERGED from [DidaDemoAS:iMKit:unspecified] AndroidManifest.xml:20:5-79
	android:name
		ADDED from src\main\AndroidManifest.xml:16:22-76
uses-permission#android.permission.ACCESS_COARSE_LOCATION
ADDED from src\main\AndroidManifest.xml:20:5-81
MERGED from [DidaDemoAS:iMKit:unspecified] AndroidManifest.xml:11:5-81
	android:name
		ADDED from src\main\AndroidManifest.xml:20:22-78
uses-permission#android.permission.READ_PHONE_STATE
ADDED from src\main\AndroidManifest.xml:22:5-75
MERGED from [DidaDemoAS:iMKit:unspecified] AndroidManifest.xml:13:5-75
	android:name
		ADDED from src\main\AndroidManifest.xml:22:22-72
uses-permission#android.permission.GET_TASKS
ADDED from src\main\AndroidManifest.xml:23:5-68
MERGED from [DidaDemoAS:iMKit:unspecified] AndroidManifest.xml:14:5-68
	android:name
		ADDED from src\main\AndroidManifest.xml:23:22-65
uses-permission#android.permission.INTERACT_ACROSS_USERS_FULL
ADDED from src\main\AndroidManifest.xml:24:5-85
MERGED from [DidaDemoAS:iMKit:unspecified] AndroidManifest.xml:15:5-85
	android:name
		ADDED from src\main\AndroidManifest.xml:24:22-82
uses-permission#android.permission.ACCESS_WIFI_STATE
ADDED from src\main\AndroidManifest.xml:26:5-76
MERGED from [DidaDemoAS:iMKit:unspecified] AndroidManifest.xml:18:5-76
	android:name
		ADDED from src\main\AndroidManifest.xml:26:22-73
uses-permission#android.permission.RECORD_AUDIO
ADDED from src\main\AndroidManifest.xml:31:5-71
MERGED from [DidaDemoAS:iMKit:unspecified] AndroidManifest.xml:23:5-71
	android:name
		ADDED from src\main\AndroidManifest.xml:31:22-68
uses-permission#android.permission.VIBRATE
ADDED from src\main\AndroidManifest.xml:33:5-66
MERGED from [DidaDemoAS:iMKit:unspecified] AndroidManifest.xml:25:5-66
	android:name
		ADDED from src\main\AndroidManifest.xml:33:22-63
uses-permission#android.permission.WAKE_LOCK
ADDED from src\main\AndroidManifest.xml:35:5-68
MERGED from [DidaDemoAS:iMKit:unspecified] AndroidManifest.xml:27:5-68
	android:name
		ADDED from src\main\AndroidManifest.xml:35:22-65
uses-permission#android.permission.WRITE_SETTINGS
ADDED from src\main\AndroidManifest.xml:36:5-73
MERGED from [DidaDemoAS:iMKit:unspecified] AndroidManifest.xml:28:5-73
	android:name
		ADDED from src\main\AndroidManifest.xml:36:22-70
uses-permission#android.permission.MODIFY_AUDIO_SETTINGS
ADDED from src\main\AndroidManifest.xml:37:5-80
MERGED from [DidaDemoAS:iMKit:unspecified] AndroidManifest.xml:29:5-80
	android:name
		ADDED from src\main\AndroidManifest.xml:37:22-77
uses-permission#android.permission.CALL_PHONE
ADDED from src\main\AndroidManifest.xml:38:5-69
	android:name
		ADDED from src\main\AndroidManifest.xml:38:22-66
application
ADDED from src\main\AndroidManifest.xml:40:5-370:19
MERGED from [DidaDemoAS:xutillibrary:unspecified] AndroidManifest.xml:11:5-20
MERGED from [DidaDemoAS:iMKit:unspecified] AndroidManifest.xml:31:5-35:19
MERGED from [DidaDemoAS:pulltopushlibrary:unspecified] AndroidManifest.xml:11:5-20
MERGED from [DidaDemoAS:iconlibrary:unspecified] AndroidManifest.xml:11:5-16:19
MERGED from [com.android.support:cardview-v7:23.1.0] AndroidManifest.xml:22:5-20
MERGED from [com.android.support:design:23.1.0] AndroidManifest.xml:22:5-20
MERGED from [com.android.support:appcompat-v7:23.1.0] AndroidManifest.xml:22:5-20
MERGED from [com.android.support:support-v4:23.1.0] AndroidManifest.xml:22:5-20
MERGED from [com.android.support:support-v4:23.1.0] AndroidManifest.xml:22:5-20
MERGED from [com.android.support:support-v4:23.1.0] AndroidManifest.xml:22:5-20
MERGED from [com.android.support:appcompat-v7:23.1.0] AndroidManifest.xml:22:5-20
MERGED from [com.android.support:support-v4:23.1.0] AndroidManifest.xml:22:5-20
MERGED from [com.android.support:support-v4:23.1.0] AndroidManifest.xml:22:5-20
MERGED from [com.android.support:support-v4:23.1.0] AndroidManifest.xml:22:5-20
	android:screenOrientation
		ADDED from src\main\AndroidManifest.xml:45:9-45
	android:label
		ADDED from src\main\AndroidManifest.xml:44:9-41
	android:allowBackup
		ADDED from src\main\AndroidManifest.xml:42:9-35
	android:icon
		ADDED from src\main\AndroidManifest.xml:43:9-45
	android:theme
		ADDED from src\main\AndroidManifest.xml:46:9-40
	android:name
		ADDED from src\main\AndroidManifest.xml:41:9-54
activity#com.dida.first.activity.MainActivity
ADDED from src\main\AndroidManifest.xml:47:9-57:20
	android:screenOrientation
		ADDED from src\main\AndroidManifest.xml:51:13-49
	android:label
		ADDED from src\main\AndroidManifest.xml:49:13-45
	android:name
		ADDED from src\main\AndroidManifest.xml:48:13-64
	android:launchMode
		ADDED from src\main\AndroidManifest.xml:50:13-43
intent-filter#android.intent.action.MAIN+android.intent.category.LAUNCHER
ADDED from src\main\AndroidManifest.xml:52:13-56:29
action#android.intent.action.MAIN
ADDED from src\main\AndroidManifest.xml:53:17-69
	android:name
		ADDED from src\main\AndroidManifest.xml:53:25-66
category#android.intent.category.LAUNCHER
ADDED from src\main\AndroidManifest.xml:55:17-77
	android:name
		ADDED from src\main\AndroidManifest.xml:55:27-74
activity#com.dida.first.activity.GrouupBuyOrderActivity
ADDED from src\main\AndroidManifest.xml:58:9-83
	android:name
		ADDED from src\main\AndroidManifest.xml:58:19-80
activity#com.dida.first.activity.AAOrderActivity
ADDED from src\main\AndroidManifest.xml:59:9-61:52
	android:screenOrientation
		ADDED from src\main\AndroidManifest.xml:61:13-49
	android:name
		ADDED from src\main\AndroidManifest.xml:60:13-67
activity#com.dida.first.activity.LeftMyOrderActivity
ADDED from src\main\AndroidManifest.xml:66:9-68:52
	android:screenOrientation
		ADDED from src\main\AndroidManifest.xml:68:13-49
	android:name
		ADDED from src\main\AndroidManifest.xml:67:13-71
activity#com.dida.first.activity.LeftMyFavoriteActivity
ADDED from src\main\AndroidManifest.xml:69:9-71:52
	android:screenOrientation
		ADDED from src\main\AndroidManifest.xml:71:13-49
	android:name
		ADDED from src\main\AndroidManifest.xml:70:13-74
activity#com.dida.first.activity.BuyActivity
ADDED from src\main\AndroidManifest.xml:72:9-75:52
	android:screenOrientation
		ADDED from src\main\AndroidManifest.xml:75:13-49
	android:name
		ADDED from src\main\AndroidManifest.xml:73:13-63
	android:launchMode
		ADDED from src\main\AndroidManifest.xml:74:13-44
activity#com.dida.first.selectmore.view.ImageBucketChooseActivity
ADDED from src\main\AndroidManifest.xml:76:9-79:52
	android:screenOrientation
		ADDED from src\main\AndroidManifest.xml:79:13-49
	android:name
		ADDED from src\main\AndroidManifest.xml:77:13-84
	android:launchMode
		ADDED from src\main\AndroidManifest.xml:78:13-44
activity#com.dida.first.selectmore.view.ImageChooseActivity
ADDED from src\main\AndroidManifest.xml:80:9-83:52
	android:screenOrientation
		ADDED from src\main\AndroidManifest.xml:83:13-49
	android:name
		ADDED from src\main\AndroidManifest.xml:81:13-78
	android:launchMode
		ADDED from src\main\AndroidManifest.xml:82:13-44
activity#com.dida.first.selectmore.view.ImageZoomActivity
ADDED from src\main\AndroidManifest.xml:84:9-87:52
	android:screenOrientation
		ADDED from src\main\AndroidManifest.xml:87:13-49
	android:name
		ADDED from src\main\AndroidManifest.xml:85:13-76
	android:launchMode
		ADDED from src\main\AndroidManifest.xml:86:13-44
activity#com.dida.first.activity.LoginActivity
ADDED from src\main\AndroidManifest.xml:88:9-91:52
	android:screenOrientation
		ADDED from src\main\AndroidManifest.xml:91:13-49
	android:name
		ADDED from src\main\AndroidManifest.xml:89:13-65
	android:launchMode
		ADDED from src\main\AndroidManifest.xml:90:13-44
activity#com.dida.first.activity.RegisterActivity
ADDED from src\main\AndroidManifest.xml:92:9-95:52
	android:screenOrientation
		ADDED from src\main\AndroidManifest.xml:95:13-49
	android:name
		ADDED from src\main\AndroidManifest.xml:93:13-68
	android:launchMode
		ADDED from src\main\AndroidManifest.xml:94:13-44
activity#com.dida.first.activity.NameActivity
ADDED from src\main\AndroidManifest.xml:96:9-99:52
	android:screenOrientation
		ADDED from src\main\AndroidManifest.xml:99:13-49
	android:name
		ADDED from src\main\AndroidManifest.xml:97:13-64
	android:launchMode
		ADDED from src\main\AndroidManifest.xml:98:13-44
activity#com.dida.first.activity.YaoYueSearchActivity
ADDED from src\main\AndroidManifest.xml:100:9-103:52
	android:screenOrientation
		ADDED from src\main\AndroidManifest.xml:103:13-49
	android:name
		ADDED from src\main\AndroidManifest.xml:101:13-72
	android:launchMode
		ADDED from src\main\AndroidManifest.xml:102:13-44
activity#com.dida.first.activity.Detail_Group_Activity
ADDED from src\main\AndroidManifest.xml:104:9-107:52
	android:screenOrientation
		ADDED from src\main\AndroidManifest.xml:107:13-49
	android:name
		ADDED from src\main\AndroidManifest.xml:105:13-73
	android:launchMode
		ADDED from src\main\AndroidManifest.xml:106:13-44
activity#com.dida.first.activity.AttentionActivity
ADDED from src\main\AndroidManifest.xml:108:9-111:52
	android:screenOrientation
		ADDED from src\main\AndroidManifest.xml:111:13-49
	android:name
		ADDED from src\main\AndroidManifest.xml:109:13-69
	android:launchMode
		ADDED from src\main\AndroidManifest.xml:110:13-44
activity#com.dida.first.activity.ZoomImageActivity
ADDED from src\main\AndroidManifest.xml:112:9-115:52
	android:screenOrientation
		ADDED from src\main\AndroidManifest.xml:115:13-49
	android:name
		ADDED from src\main\AndroidManifest.xml:113:13-69
	android:launchMode
		ADDED from src\main\AndroidManifest.xml:114:13-44
activity#com.dida.first.activity.FindPsdCodeActivity
ADDED from src\main\AndroidManifest.xml:116:9-119:52
	android:screenOrientation
		ADDED from src\main\AndroidManifest.xml:119:13-49
	android:name
		ADDED from src\main\AndroidManifest.xml:117:13-71
	android:launchMode
		ADDED from src\main\AndroidManifest.xml:118:13-44
activity#com.dida.first.activity.FindPsdUpdateActivity
ADDED from src\main\AndroidManifest.xml:120:9-123:52
	android:screenOrientation
		ADDED from src\main\AndroidManifest.xml:123:13-49
	android:name
		ADDED from src\main\AndroidManifest.xml:121:13-73
	android:launchMode
		ADDED from src\main\AndroidManifest.xml:122:13-44
activity#com.dida.first.activity.Mine_ShopCar_Activity
ADDED from src\main\AndroidManifest.xml:124:9-127:52
	android:screenOrientation
		ADDED from src\main\AndroidManifest.xml:127:13-49
	android:name
		ADDED from src\main\AndroidManifest.xml:125:13-73
	android:launchMode
		ADDED from src\main\AndroidManifest.xml:126:13-44
activity#com.dida.first.activity.Mine_MyOrder_Activity
ADDED from src\main\AndroidManifest.xml:128:9-131:52
	android:screenOrientation
		ADDED from src\main\AndroidManifest.xml:131:13-49
	android:name
		ADDED from src\main\AndroidManifest.xml:129:13-73
	android:launchMode
		ADDED from src\main\AndroidManifest.xml:130:13-44
activity#com.dida.first.activity.ShaiDanSelectActivity
ADDED from src\main\AndroidManifest.xml:132:9-135:52
	android:screenOrientation
		ADDED from src\main\AndroidManifest.xml:135:13-49
	android:name
		ADDED from src\main\AndroidManifest.xml:133:13-73
	android:launchMode
		ADDED from src\main\AndroidManifest.xml:134:13-44
activity#com.dida.first.activity.Detail_Market_Activity
ADDED from src\main\AndroidManifest.xml:136:9-139:52
	android:screenOrientation
		ADDED from src\main\AndroidManifest.xml:139:13-49
	android:name
		ADDED from src\main\AndroidManifest.xml:137:13-74
	android:launchMode
		ADDED from src\main\AndroidManifest.xml:138:13-44
activity#com.dida.first.activity.MyZoomImageActivity
ADDED from src\main\AndroidManifest.xml:140:9-143:52
	android:screenOrientation
		ADDED from src\main\AndroidManifest.xml:143:13-49
	android:name
		ADDED from src\main\AndroidManifest.xml:141:13-71
	android:launchMode
		ADDED from src\main\AndroidManifest.xml:142:13-44
activity#com.dida.first.activity.Mine_Personal_Activity
ADDED from src\main\AndroidManifest.xml:144:9-147:52
	android:screenOrientation
		ADDED from src\main\AndroidManifest.xml:147:13-49
	android:name
		ADDED from src\main\AndroidManifest.xml:145:13-74
	android:launchMode
		ADDED from src\main\AndroidManifest.xml:146:13-42
activity#com.dida.first.activity.Personal_EditNick_Activity
ADDED from src\main\AndroidManifest.xml:148:9-151:52
	android:screenOrientation
		ADDED from src\main\AndroidManifest.xml:151:13-49
	android:name
		ADDED from src\main\AndroidManifest.xml:149:13-78
	android:launchMode
		ADDED from src\main\AndroidManifest.xml:150:13-42
activity#com.dida.first.activity.Personal_EditGenderk_Activity
ADDED from src\main\AndroidManifest.xml:152:9-155:52
	android:screenOrientation
		ADDED from src\main\AndroidManifest.xml:155:13-49
	android:name
		ADDED from src\main\AndroidManifest.xml:153:13-81
	android:launchMode
		ADDED from src\main\AndroidManifest.xml:154:13-42
activity#com.dida.first.activity.Personal_Address_Activity
ADDED from src\main\AndroidManifest.xml:156:9-159:52
	android:screenOrientation
		ADDED from src\main\AndroidManifest.xml:159:13-49
	android:name
		ADDED from src\main\AndroidManifest.xml:157:13-77
	android:launchMode
		ADDED from src\main\AndroidManifest.xml:158:13-42
activity#com.dida.first.activity.Detail_Address_Activity
ADDED from src\main\AndroidManifest.xml:160:9-163:52
	android:screenOrientation
		ADDED from src\main\AndroidManifest.xml:163:13-49
	android:name
		ADDED from src\main\AndroidManifest.xml:161:13-75
	android:launchMode
		ADDED from src\main\AndroidManifest.xml:162:13-42
activity#com.dida.first.activity.Personal_AddAddress_Activity
ADDED from src\main\AndroidManifest.xml:164:9-167:52
	android:screenOrientation
		ADDED from src\main\AndroidManifest.xml:167:13-49
	android:name
		ADDED from src\main\AndroidManifest.xml:165:13-80
	android:launchMode
		ADDED from src\main\AndroidManifest.xml:166:13-42
activity#com.dida.first.activity.Mine_FootPrint_Activity
ADDED from src\main\AndroidManifest.xml:168:9-171:52
	android:screenOrientation
		ADDED from src\main\AndroidManifest.xml:171:13-49
	android:name
		ADDED from src\main\AndroidManifest.xml:169:13-75
	android:launchMode
		ADDED from src\main\AndroidManifest.xml:170:13-42
activity#com.dida.first.activity.Mine_Refund_Activity
ADDED from src\main\AndroidManifest.xml:172:9-175:52
	android:screenOrientation
		ADDED from src\main\AndroidManifest.xml:175:13-49
	android:name
		ADDED from src\main\AndroidManifest.xml:173:13-72
	android:launchMode
		ADDED from src\main\AndroidManifest.xml:174:13-42
activity#com.dida.first.activity.Detail_Refund_Activity
ADDED from src\main\AndroidManifest.xml:176:9-179:52
	android:screenOrientation
		ADDED from src\main\AndroidManifest.xml:179:13-49
	android:name
		ADDED from src\main\AndroidManifest.xml:177:13-74
	android:launchMode
		ADDED from src\main\AndroidManifest.xml:178:13-42
activity#com.dida.first.activity.Mine_Setting_Activity
ADDED from src\main\AndroidManifest.xml:180:9-184:66
	android:screenOrientation
		ADDED from src\main\AndroidManifest.xml:183:13-49
	android:theme
		ADDED from src\main\AndroidManifest.xml:184:13-63
	android:name
		ADDED from src\main\AndroidManifest.xml:181:13-73
	android:launchMode
		ADDED from src\main\AndroidManifest.xml:182:13-42
activity#com.dida.first.activity.Setting_About_Activity
ADDED from src\main\AndroidManifest.xml:185:9-188:52
	android:screenOrientation
		ADDED from src\main\AndroidManifest.xml:188:13-49
	android:name
		ADDED from src\main\AndroidManifest.xml:186:13-74
	android:launchMode
		ADDED from src\main\AndroidManifest.xml:187:13-42
activity#com.dida.first.activity.Setting_Report_Activity
ADDED from src\main\AndroidManifest.xml:189:9-192:52
	android:screenOrientation
		ADDED from src\main\AndroidManifest.xml:192:13-49
	android:name
		ADDED from src\main\AndroidManifest.xml:190:13-75
	android:launchMode
		ADDED from src\main\AndroidManifest.xml:191:13-42
activity#com.dida.first.activity.ChatActivity
ADDED from src\main\AndroidManifest.xml:193:9-196:52
	android:screenOrientation
		ADDED from src\main\AndroidManifest.xml:196:13-49
	android:name
		ADDED from src\main\AndroidManifest.xml:194:13-64
	android:launchMode
		ADDED from src\main\AndroidManifest.xml:195:13-42
activity#com.dida.first.activity.Mine_Stone_Activity
ADDED from src\main\AndroidManifest.xml:197:9-200:52
	android:screenOrientation
		ADDED from src\main\AndroidManifest.xml:200:13-49
	android:name
		ADDED from src\main\AndroidManifest.xml:198:13-71
	android:launchMode
		ADDED from src\main\AndroidManifest.xml:199:13-42
activity#com.dida.first.activity.Detail_Store_Activity
ADDED from src\main\AndroidManifest.xml:201:9-204:52
	android:screenOrientation
		ADDED from src\main\AndroidManifest.xml:204:13-49
	android:name
		ADDED from src\main\AndroidManifest.xml:202:13-73
	android:launchMode
		ADDED from src\main\AndroidManifest.xml:203:13-42
activity#com.dida.first.activity.Mine_PinGou_Activity
ADDED from src\main\AndroidManifest.xml:205:9-208:52
	android:screenOrientation
		ADDED from src\main\AndroidManifest.xml:208:13-49
	android:name
		ADDED from src\main\AndroidManifest.xml:206:13-72
	android:launchMode
		ADDED from src\main\AndroidManifest.xml:207:13-42
activity#com.dida.first.activity.Mine_Product_Activity
ADDED from src\main\AndroidManifest.xml:209:9-212:52
	android:screenOrientation
		ADDED from src\main\AndroidManifest.xml:212:13-49
	android:name
		ADDED from src\main\AndroidManifest.xml:210:13-73
	android:launchMode
		ADDED from src\main\AndroidManifest.xml:211:13-42
activity#com.dida.first.activity.Setting_Help_Activity
ADDED from src\main\AndroidManifest.xml:213:9-216:52
	android:screenOrientation
		ADDED from src\main\AndroidManifest.xml:216:13-49
	android:name
		ADDED from src\main\AndroidManifest.xml:214:13-73
	android:launchMode
		ADDED from src\main\AndroidManifest.xml:215:13-42
activity#com.dida.first.activity.Store_Activity
ADDED from src\main\AndroidManifest.xml:217:9-221:52
	android:screenOrientation
		ADDED from src\main\AndroidManifest.xml:221:13-49
	android:theme
		ADDED from src\main\AndroidManifest.xml:218:13-47
	android:name
		ADDED from src\main\AndroidManifest.xml:219:13-66
	android:launchMode
		ADDED from src\main\AndroidManifest.xml:220:13-42
activity#com.dida.first.activity.Publish_Activity
ADDED from src\main\AndroidManifest.xml:222:9-226:52
	android:screenOrientation
		ADDED from src\main\AndroidManifest.xml:226:13-49
	android:theme
		ADDED from src\main\AndroidManifest.xml:223:13-47
	android:name
		ADDED from src\main\AndroidManifest.xml:224:13-68
	android:launchMode
		ADDED from src\main\AndroidManifest.xml:225:13-42
activity#com.dida.first.activity.Publish_InvoteFriends_Activity
ADDED from src\main\AndroidManifest.xml:227:9-230:52
	android:screenOrientation
		ADDED from src\main\AndroidManifest.xml:230:13-49
	android:name
		ADDED from src\main\AndroidManifest.xml:228:13-82
	android:launchMode
		ADDED from src\main\AndroidManifest.xml:229:13-42
activity#com.dida.first.activity.Personal_Detail_Activity
ADDED from src\main\AndroidManifest.xml:231:9-234:52
	android:screenOrientation
		ADDED from src\main\AndroidManifest.xml:234:13-49
	android:name
		ADDED from src\main\AndroidManifest.xml:232:13-76
	android:launchMode
		ADDED from src\main\AndroidManifest.xml:233:13-42
activity#com.dida.first.rongyun.ConversationListActivity
ADDED from src\main\AndroidManifest.xml:238:9-251:20
	android:screenOrientation
		ADDED from src\main\AndroidManifest.xml:240:13-49
	android:name
		ADDED from src\main\AndroidManifest.xml:239:13-75
intent-filter#android.intent.action.VIEW+android.intent.category.DEFAULT
ADDED from src\main\AndroidManifest.xml:241:13-250:29
action#android.intent.action.VIEW
ADDED from src\main\AndroidManifest.xml:242:17-69
	android:name
		ADDED from src\main\AndroidManifest.xml:242:25-66
category#android.intent.category.DEFAULT
ADDED from src\main\AndroidManifest.xml:244:17-76
	android:name
		ADDED from src\main\AndroidManifest.xml:244:27-73
data
ADDED from src\main\AndroidManifest.xml:246:17-249:45
	android:host
		ADDED from src\main\AndroidManifest.xml:247:21-50
	android:pathPrefix
		ADDED from src\main\AndroidManifest.xml:248:21-59
	android:scheme
		ADDED from src\main\AndroidManifest.xml:249:21-42
activity#com.dida.first.rongyun.ConversationActivity
ADDED from src\main\AndroidManifest.xml:254:9-269:20
	android:windowSoftInputMode
		ADDED from src\main\AndroidManifest.xml:258:13-67
	android:screenOrientation
		ADDED from src\main\AndroidManifest.xml:257:13-49
	android:name
		ADDED from src\main\AndroidManifest.xml:255:13-71
	android:launchMode
		ADDED from src\main\AndroidManifest.xml:256:13-44
activity#io.rong.voipkit.activity.CallSideActivity
ADDED from src\main\AndroidManifest.xml:270:9-283:20
	android:screenOrientation
		ADDED from src\main\AndroidManifest.xml:272:13-49
	android:name
		ADDED from src\main\AndroidManifest.xml:271:13-69
activity#io.rong.voipkit.activity.CalledSideActivity
ADDED from src\main\AndroidManifest.xml:284:9-298:20
	android:screenOrientation
		ADDED from src\main\AndroidManifest.xml:287:13-49
	android:excludeFromRecents
		ADDED from src\main\AndroidManifest.xml:286:13-46
	android:name
		ADDED from src\main\AndroidManifest.xml:285:13-71
service#io.rong.imlib.ipc.RongService
ADDED from src\main\AndroidManifest.xml:300:9-302:46
	android:process
		ADDED from src\main\AndroidManifest.xml:302:13-35
	android:name
		ADDED from src\main\AndroidManifest.xml:301:13-57
service#io.rong.imlib.ReConnectService
ADDED from src\main\AndroidManifest.xml:303:9-66
	android:name
		ADDED from src\main\AndroidManifest.xml:303:18-63
receiver#io.rong.imlib.ConnectChangeReceiver
ADDED from src\main\AndroidManifest.xml:305:9-72
	android:name
		ADDED from src\main\AndroidManifest.xml:305:19-69
receiver#io.rong.imlib.ipc.PushMessageReceiver
ADDED from src\main\AndroidManifest.xml:306:9-310:20
	android:name
		ADDED from src\main\AndroidManifest.xml:306:19-71
intent-filter#io.rong.push.message
ADDED from src\main\AndroidManifest.xml:307:13-309:29
action#io.rong.push.message
ADDED from src\main\AndroidManifest.xml:308:17-63
	android:name
		ADDED from src\main\AndroidManifest.xml:308:25-60
activity#io.rong.imkit.tools.SelectPictureActivity
ADDED from src\main\AndroidManifest.xml:312:9-314:52
	android:screenOrientation
		ADDED from src\main\AndroidManifest.xml:314:13-49
	android:name
		ADDED from src\main\AndroidManifest.xml:313:13-69
activity#io.rong.imkit.tools.PreviewPictureActivity
ADDED from src\main\AndroidManifest.xml:315:9-317:52
	android:screenOrientation
		ADDED from src\main\AndroidManifest.xml:317:13-49
	android:name
		ADDED from src\main\AndroidManifest.xml:316:13-70
activity#io.rong.imkit.tools.RongWebviewActivity
ADDED from src\main\AndroidManifest.xml:318:9-320:52
	android:screenOrientation
		ADDED from src\main\AndroidManifest.xml:320:13-49
	android:name
		ADDED from src\main\AndroidManifest.xml:319:13-67
activity#io.rong.imkit.widget.provider.TakingPicturesActivity
ADDED from src\main\AndroidManifest.xml:321:9-323:52
	android:screenOrientation
		ADDED from src\main\AndroidManifest.xml:323:13-49
	android:name
		ADDED from src\main\AndroidManifest.xml:322:13-80
activity#com.dida.first.rongyun.PhotoActivity
ADDED from src\main\AndroidManifest.xml:324:9-73
	android:name
		ADDED from src\main\AndroidManifest.xml:324:19-70
activity#com.dida.first.rongyun.RongSelectActivity
ADDED from src\main\AndroidManifest.xml:325:9-328:52
	android:screenOrientation
		ADDED from src\main\AndroidManifest.xml:328:13-49
	android:name
		ADDED from src\main\AndroidManifest.xml:326:13-69
	android:launchMode
		ADDED from src\main\AndroidManifest.xml:327:13-42
service#io.rong.push.PushService
ADDED from src\main\AndroidManifest.xml:330:9-338:19
	android:process
		ADDED from src\main\AndroidManifest.xml:332:13-43
	android:name
		ADDED from src\main\AndroidManifest.xml:331:13-52
intent-filter#android.intent.category.DEFAULT+io.rong.push
ADDED from src\main\AndroidManifest.xml:333:13-337:29
action#io.rong.push
ADDED from src\main\AndroidManifest.xml:336:17-55
	android:name
		ADDED from src\main\AndroidManifest.xml:336:25-52
service#io.rong.push.CommandService
ADDED from src\main\AndroidManifest.xml:339:9-347:19
	android:process
		ADDED from src\main\AndroidManifest.xml:341:13-43
	android:name
		ADDED from src\main\AndroidManifest.xml:340:13-55
intent-filter#android.intent.category.DEFAULT+io.rong.command
ADDED from src\main\AndroidManifest.xml:342:13-346:29
action#io.rong.command
ADDED from src\main\AndroidManifest.xml:345:17-58
	android:name
		ADDED from src\main\AndroidManifest.xml:345:25-55
receiver#io.rong.push.PushReceiver
ADDED from src\main\AndroidManifest.xml:349:9-361:20
	android:process
		ADDED from src\main\AndroidManifest.xml:351:13-43
	android:name
		ADDED from src\main\AndroidManifest.xml:350:13-53
intent-filter#io.rong.imlib.action.push.heartbeat
ADDED from src\main\AndroidManifest.xml:352:13-354:29
action#io.rong.imlib.action.push.heartbeat
ADDED from src\main\AndroidManifest.xml:353:17-78
	android:name
		ADDED from src\main\AndroidManifest.xml:353:25-75
intent-filter#android.net.conn.CONNECTIVITY_CHANGE
ADDED from src\main\AndroidManifest.xml:355:13-357:29
action#android.net.conn.CONNECTIVITY_CHANGE
ADDED from src\main\AndroidManifest.xml:356:17-79
	android:name
		ADDED from src\main\AndroidManifest.xml:356:25-76
intent-filter#android.intent.action.BOOT_COMPLETED
ADDED from src\main\AndroidManifest.xml:358:13-360:29
action#android.intent.action.BOOT_COMPLETED
ADDED from src\main\AndroidManifest.xml:359:17-79
	android:name
		ADDED from src\main\AndroidManifest.xml:359:25-76
receiver#io.rong.imlib.HeartbeatReceiver
ADDED from src\main\AndroidManifest.xml:362:9-364:38
	android:process
		ADDED from src\main\AndroidManifest.xml:364:13-35
	android:name
		ADDED from src\main\AndroidManifest.xml:363:13-59
meta-data#RONG_CLOUD_APP_KEY
ADDED from src\main\AndroidManifest.xml:366:9-368:45
	android:name
		ADDED from src\main\AndroidManifest.xml:367:13-46
	android:value
		ADDED from src\main\AndroidManifest.xml:368:13-42
android:uses-permission#android.permission.READ_EXTERNAL_STORAGE
IMPLIED from src\main\AndroidManifest.xml:2:1-372:12 reason: io.rong.imkit requested WRITE_EXTERNAL_STORAGE